请求：--->468762---->http://localhost:8123/abcaiji/bjpk10.php
<span style='color:red;'>北京赛车PK10</span><br>数据返回------>{"expect":"800310","opencode":"4,5,3,6,2,1,7,9,8,10","opentime":"2023-11-14 20:50:00"}<br>当前最新期号-->800310    数据期号--->800310<br>等待更新<br><style type="text/css">
    <!--
    body, td, th {
        font-size: 12px;
    }

    body {
        margin-left: 0px;
        margin-top: 0px;
        margin-right: 0px;
        margin-bottom: 0px;
    }

    #timeinfo {
        color: #C60
    }

    -->
</style>
<script>
    // var limit = 6
    // if (document.images) {
    //     var parselimit = limit
    // }
    //
    // function beginrefresh() {
    //     if (!document.images)
    //         return
    //     if (parselimit == 1)
    //         window.location.reload()
    //     else {
    //         parselimit -= 1
    //         curmin = Math.floor(parselimit)
    //         if (curmin != 0)
    //             curtime = curmin + "秒后自动获取!"
    //         else
    //             curtime = cursec + "秒后自动获取!"
    //         timeinfo.innerText = curtime
    //         setTimeout("beginrefresh()", 1000)
    //     }
    // }
    //
    // window.onload = beginrefresh
</script>
<input type=button name=button value="刷新" onClick="window.location.reload()">
<span id="timeinfo"></span>


请求：--->468762---->http://localhost:8123/abcaiji/bjkl8.php
<span style='color:red;'>新加坡28</span><br><br>当前数据->>>{"rows":1,"data":[{"code":"ny28","opentime":"2023-11-14 20:57:30","expect":"3700534","opencode":"9,7,6","load_time":"2023-11-14 20:58:52","next_phase":"3700535","next_time":"2023-11-14 21:00:00","now":"2023-11-14 20:58:52"}],"now":"2023-11-14 20:58:52"}<br>真数据9,7,6假数据字符串->>>>9,10,10,10,10,10,7,10,10,10,10,10,6,10,10,10,10,10,10,10,10<br>原假数据->>>>59 57 56<br>计算个位数的假数据->>>>9 7 6<br>当前最新期号-->3700534    数据期号--->3700534<br>等待新加坡28刷新<br><style type="text/css">
    <!--
    body, td, th {
        font-size: 12px;
    }

    body {
        margin-left: 0px;
        margin-top: 0px;
        margin-right: 0px;
        margin-bottom: 0px;
    }

    #timeinfo {
        color: #C60
    }

    -->
</style>
<script>
    // var limit = 4
    // if (document.images) {
    //     var parselimit = limit
    // }
    //
    // function beginrefresh() {
    //     if (!document.images)
    //         return
    //     if (parselimit == 1)
    //         window.location.reload()
    //     else {
    //         parselimit -= 1
    //         curmin = Math.floor(parselimit)
    //         if (curmin != 0)
    //             curtime = curmin + "秒后自动获取!"
    //         else
    //             curtime = cursec + "秒后自动获取!"
    //         timeinfo.innerText = curtime
    //         setTimeout("beginrefresh()", 1000)
    //     }
    // }
    //
    // window.onload = beginrefresh
</script>
<input type=button name=button value="刷新" onClick="window.location.reload()">
<span id="timeinfo"></span>

请求：--->468762---->http://localhost:8123/abcaiji/jslhc.php
<span style='color:red;'>極速六合彩</span><br>等待 17,47,42,15,33,22,29 刷新<br>
<style type="text/css">
    <!--
    body, td, th {
        font-size: 12px;
    }

    body {
        margin-left: 0px;
        margin-top: 0px;
        margin-right: 0px;
        margin-bottom: 0px;
    }

    #timeinfo {
        color: #C60
    }

    -->
</style>
<script>
    // var limit=4
    // if (document.images){
    // 	var parselimit=limit
    // }
    // function beginrefresh(){
    // if (!document.images)
    // 	return
    // if (parselimit==1)
    // 	window.location.reload()
    // else{
    // 	parselimit-=1
    // 	curmin=Math.floor(parselimit)
    // 	if (curmin!=0)
    // 		curtime=curmin+"秒后自动获取!"
    // 	else
    // 		curtime=cursec+"秒后自动获取!"
    // 		timeinfo.innerText=curtime
    // 		setTimeout("beginrefresh()",1000)
    // 	}
    // }
    // window.onload=beginrefresh
</script>
<input type=button name=button value="刷新" onClick="window.location.reload()">
<span id="timeinfo"></span>


请求：--->468762---->http://localhost:8123/abcaiji/jsssc.php
<span style='color:red;'>極速時時彩</span><br>等待 9,2,5,9,0 刷新<br><style type="text/css">
    <!--
    body, td, th {
        font-size: 12px;
    }

    body {
        margin-left: 0px;
        margin-top: 0px;
        margin-right: 0px;
        margin-bottom: 0px;
    }

    #timeinfo {
        color: #C60
    }

    -->
</style>
<script>
    // var limit=10
    // if (document.images){
    // 	var parselimit=limit
    // }
    // function beginrefresh(){
    // if (!document.images)
    // 	return
    // if (parselimit==1)
    // 	window.location.reload()
    // else{
    // 	parselimit-=1
    // 	curmin=Math.floor(parselimit)
    // 	if (curmin!=0)
    // 		curtime=curmin+"秒后自动获取!"
    // 	else
    // 		curtime=cursec+"秒后自动获取!"
    // 		timeinfo.innerText=curtime
    // 		setTimeout("beginrefresh()",1000)
    // 	}
    // }
    // window.onload=beginrefresh
</script>
<input type=button name=button value="刷新" onClick="window.location.reload()">
<span id="timeinfo"></span>


请求：--->468762---->http://localhost:8123/abcaiji/twk3.php
<span style='color:red;'>台湾快三</span><br>等待 2,5,5 刷新<br><style type="text/css">
    <!--
    body, td, th {
        font-size: 12px;
    }

    body {
        margin-left: 0px;
        margin-top: 0px;
        margin-right: 0px;
        margin-bottom: 0px;
    }

    #timeinfo {
        color: #C60
    }

    -->
</style>
<script>
    // var limit = 4
    // if (document.images) {
    //     var parselimit = limit
    // }
    //
    // function beginrefresh() {
    //     if (!document.images)
    //         return
    //     if (parselimit == 1)
    //         window.location.reload()
    //     else {
    //         parselimit -= 1
    //         curmin = Math.floor(parselimit)
    //         if (curmin != 0)
    //             curtime = curmin + "秒后自动获取!"
    //         else
    //             curtime = cursec + "秒后自动获取!"
    //         timeinfo.innerText = curtime
    //         setTimeout("beginrefresh()", 1000)
    //     }
    // }
    //
    // window.onload = beginrefresh
</script>
<input type=button name=button value="刷新" onClick="window.location.reload()">
<span id="timeinfo"></span>



请求：--->468762---->http://localhost:8123/abcaiji/jnd28.php
<span style='color:red;'>加拿大28</span><br>数据返回------>"{\"rows\":1,\"info\":\"\u6570\u636e\u7531kaijiang-api.com\u6536\u5f55\uff0c\u5f53\u524d\u8bbf\u95eeIP\uff1a104.219.211.74\uff0c\u670d1\uff0c\u5f00\u5956\u7f51v7.5\uff0c\u6280\u672fQQ\uff1a82279178\",\"code\":\"jnd28\",\"data\":[{\"expect\":\"3068562\",\"opencode\":\"4,4,7\",\"opentime\":\"2023-11-14 20:58:12\"}]}"<br>真数据4,4,7假数据字符串->>>>10,4,4,7,10,10,10,10,10,10,10,10,10,10,10,10,10,10,10,10,10<br>原假数据->>>>54 54 57<br>计算个位数的假数据->>>>4 4 7<br>当前最新期号-->3068562    数据期号--->3068562<br>当前开奖时间   2023-11-14 20:58:52  下期开奖时间  2023-11-14 21:01:42<br>等待加拿大28刷新<br><style type="text/css">
    <!--
    body, td, th {
        font-size: 12px;
    }

    body {
        margin-left: 0px;
        margin-top: 0px;
        margin-right: 0px;
        margin-bottom: 0px;
    }

    #timeinfo {
        color: #C60
    }

    -->
</style>
<script>
    // var limit = 15
    // if (document.images) {
    //     var parselimit = limit
    // }
    //
    // function beginrefresh() {
    //     if (!document.images)
    //         return
    //     if (parselimit == 1)
    //         window.location.reload()
    //     else {
    //         parselimit -= 1
    //         curmin = Math.floor(parselimit)
    //         if (curmin != 0)
    //             curtime = curmin + "秒后自动获取!"
    //         else
    //             curtime = cursec + "秒后自动获取!"
    //         timeinfo.innerText = curtime
    //         setTimeout("beginrefresh()", 1000)
    //     }
    // }
    //
    // window.onload = beginrefresh
</script>
<input type=button name=button value="刷新" onClick="window.location.reload()">
<span id="timeinfo"></span>


请求：--->468762---->http://localhost:8123/abcaiji/ny28.php
<span style='color:red;'>纽约28</span><br><br>当前数据->>>{"rows":1,"data":[{"code":"ny28","opentime":"2023-11-14 20:58:30","expect":"7565558","opencode":"4,8,2","load_time":"2023-11-14 20:58:52","next_phase":"7565559","next_time":"2023-11-14 21:00:00","now":"2023-11-14 20:58:52"}],"now":"2023-11-14 20:58:52"}<br>真数据4,8,2假数据字符串->>>>4,10,10,10,10,10,8,10,10,10,10,10,2,10,10,10,10,10,10,10,10<br>原假数据->>>>54 58 52<br>计算个位数的假数据->>>>4 8 2<br>当前最新期号-->7565558    数据期号--->7565558下次开奖时间2023-11-14 21:00:00<br>等待纽约28刷新<br><style type="text/css">
    <!--
    body, td, th {
        font-size: 12px;
    }

    body {
        margin-left: 0px;
        margin-top: 0px;
        margin-right: 0px;
        margin-bottom: 0px;
    }

    #timeinfo {
        color: #C60
    }

    -->
</style>
<script>
    var limit = 4
    if (document.images) {
        var parselimit = limit
    }

    function beginrefresh() {
        if (!document.images)
            return
        if (parselimit == 1)
            window.location.reload()
        else {
            parselimit -= 1
            curmin = Math.floor(parselimit)
            if (curmin != 0)
                curtime = curmin + "秒后自动获取!"
            else
                curtime = cursec + "秒后自动获取!"
            timeinfo.innerText = curtime
            setTimeout("beginrefresh()", 1000)
        }
    }

    window.onload = beginrefresh
</script>
<input type=button name=button value="刷新" onClick="window.location.reload()">
<span id="timeinfo"></span>

请求：--->468765---->http://localhost:8123/abcaiji/bjpk10.php
<span style='color:red;'>北京赛车PK10</span><br>数据返回------>{"expect":"800310","opencode":"4,5,3,6,2,1,7,9,8,10","opentime":"2023-11-14 20:50:00"}<br>当前最新期号-->800310    数据期号--->800310<br>等待更新<br><style type="text/css">
    <!--
    body, td, th {
        font-size: 12px;
    }

    body {
        margin-left: 0px;
        margin-top: 0px;
        margin-right: 0px;
        margin-bottom: 0px;
    }

    #timeinfo {
        color: #C60
    }

    -->
</style>
<script>
    // var limit = 6
    // if (document.images) {
    //     var parselimit = limit
    // }
    //
    // function beginrefresh() {
    //     if (!document.images)
    //         return
    //     if (parselimit == 1)
    //         window.location.reload()
    //     else {
    //         parselimit -= 1
    //         curmin = Math.floor(parselimit)
    //         if (curmin != 0)
    //             curtime = curmin + "秒后自动获取!"
    //         else
    //             curtime = cursec + "秒后自动获取!"
    //         timeinfo.innerText = curtime
    //         setTimeout("beginrefresh()", 1000)
    //     }
    // }
    //
    // window.onload = beginrefresh
</script>
<input type=button name=button value="刷新" onClick="window.location.reload()">
<span id="timeinfo"></span>


请求：--->468765---->http://localhost:8123/abcaiji/bjkl8.php
<span style='color:red;'>新加坡28</span><br><br>当前数据->>>{"rows":1,"data":[{"code":"ny28","opentime":"2023-11-14 20:57:30","expect":"3700534","opencode":"8,8,6","load_time":"2023-11-14 20:58:52","next_phase":"3700535","next_time":"2023-11-14 21:00:00","now":"2023-11-14 20:58:52"}],"now":"2023-11-14 20:58:52"}<br>真数据8,8,6假数据字符串->>>>8,10,10,10,10,10,8,10,10,10,10,10,6,10,10,10,10,10,10,10,10<br>原假数据->>>>58 58 56<br>计算个位数的假数据->>>>8 8 6<br>当前最新期号-->3700534    数据期号--->3700534<br>等待新加坡28刷新<br><style type="text/css">
    <!--
    body, td, th {
        font-size: 12px;
    }

    body {
        margin-left: 0px;
        margin-top: 0px;
        margin-right: 0px;
        margin-bottom: 0px;
    }

    #timeinfo {
        color: #C60
    }

    -->
</style>
<script>
    // var limit = 4
    // if (document.images) {
    //     var parselimit = limit
    // }
    //
    // function beginrefresh() {
    //     if (!document.images)
    //         return
    //     if (parselimit == 1)
    //         window.location.reload()
    //     else {
    //         parselimit -= 1
    //         curmin = Math.floor(parselimit)
    //         if (curmin != 0)
    //             curtime = curmin + "秒后自动获取!"
    //         else
    //             curtime = cursec + "秒后自动获取!"
    //         timeinfo.innerText = curtime
    //         setTimeout("beginrefresh()", 1000)
    //     }
    // }
    //
    // window.onload = beginrefresh
</script>
<input type=button name=button value="刷新" onClick="window.location.reload()">
<span id="timeinfo"></span>

请求：--->468765---->http://localhost:8123/abcaiji/jslhc.php
<span style='color:red;'>極速六合彩</span><br>等待 18,16,34,48,38,19,20 刷新<br>
<style type="text/css">
    <!--
    body, td, th {
        font-size: 12px;
    }

    body {
        margin-left: 0px;
        margin-top: 0px;
        margin-right: 0px;
        margin-bottom: 0px;
    }

    #timeinfo {
        color: #C60
    }

    -->
</style>
<script>
    // var limit=4
    // if (document.images){
    // 	var parselimit=limit
    // }
    // function beginrefresh(){
    // if (!document.images)
    // 	return
    // if (parselimit==1)
    // 	window.location.reload()
    // else{
    // 	parselimit-=1
    // 	curmin=Math.floor(parselimit)
    // 	if (curmin!=0)
    // 		curtime=curmin+"秒后自动获取!"
    // 	else
    // 		curtime=cursec+"秒后自动获取!"
    // 		timeinfo.innerText=curtime
    // 		setTimeout("beginrefresh()",1000)
    // 	}
    // }
    // window.onload=beginrefresh
</script>
<input type=button name=button value="刷新" onClick="window.location.reload()">
<span id="timeinfo"></span>


请求：--->468765---->http://localhost:8123/abcaiji/jsssc.php
<span style='color:red;'>極速時時彩</span><br>等待 6,2,2,2,4 刷新<br><style type="text/css">
    <!--
    body, td, th {
        font-size: 12px;
    }

    body {
        margin-left: 0px;
        margin-top: 0px;
        margin-right: 0px;
        margin-bottom: 0px;
    }

    #timeinfo {
        color: #C60
    }

    -->
</style>
<script>
    // var limit=10
    // if (document.images){
    // 	var parselimit=limit
    // }
    // function beginrefresh(){
    // if (!document.images)
    // 	return
    // if (parselimit==1)
    // 	window.location.reload()
    // else{
    // 	parselimit-=1
    // 	curmin=Math.floor(parselimit)
    // 	if (curmin!=0)
    // 		curtime=curmin+"秒后自动获取!"
    // 	else
    // 		curtime=cursec+"秒后自动获取!"
    // 		timeinfo.innerText=curtime
    // 		setTimeout("beginrefresh()",1000)
    // 	}
    // }
    // window.onload=beginrefresh
</script>
<input type=button name=button value="刷新" onClick="window.location.reload()">
<span id="timeinfo"></span>


请求：--->468765---->http://localhost:8123/abcaiji/twk3.php
<span style='color:red;'>台湾快三</span><br>等待 1,4,4 刷新<br><style type="text/css">
    <!--
    body, td, th {
        font-size: 12px;
    }

    body {
        margin-left: 0px;
        margin-top: 0px;
        margin-right: 0px;
        margin-bottom: 0px;
    }

    #timeinfo {
        color: #C60
    }

    -->
</style>
<script>
    // var limit = 4
    // if (document.images) {
    //     var parselimit = limit
    // }
    //
    // function beginrefresh() {
    //     if (!document.images)
    //         return
    //     if (parselimit == 1)
    //         window.location.reload()
    //     else {
    //         parselimit -= 1
    //         curmin = Math.floor(parselimit)
    //         if (curmin != 0)
    //             curtime = curmin + "秒后自动获取!"
    //         else
    //             curtime = cursec + "秒后自动获取!"
    //         timeinfo.innerText = curtime
    //         setTimeout("beginrefresh()", 1000)
    //     }
    // }
    //
    // window.onload = beginrefresh
</script>
<input type=button name=button value="刷新" onClick="window.location.reload()">
<span id="timeinfo"></span>



请求：--->468765---->http://localhost:8123/abcaiji/jnd28.php
<span style='color:red;'>加拿大28</span><br>数据返回------>"{\"rows\":1,\"info\":\"\u6570\u636e\u7531kaijiang-api.com\u6536\u5f55\uff0c\u5f53\u524d\u8bbf\u95eeIP\uff1a104.219.211.74\uff0c\u670d1\uff0c\u5f00\u5956\u7f51v7.5\uff0c\u6280\u672fQQ\uff1a82279178\uff0cc\",\"code\":\"jnd28\",\"data\":[{\"expect\":\"3068562\",\"opencode\":\"4,4,7\",\"opentime\":\"2023-11-14 20:58:12\"}]}"<br>真数据4,4,7假数据字符串->>>>10,4,4,7,10,10,10,10,10,10,10,10,10,10,10,10,10,10,10,10,10<br>原假数据->>>>54 54 57<br>计算个位数的假数据->>>>4 4 7<br>当前最新期号-->3068562    数据期号--->3068562<br>当前开奖时间   2023-11-14 20:58:53  下期开奖时间  2023-11-14 21:01:42<br>等待加拿大28刷新<br><style type="text/css">
    <!--
    body, td, th {
        font-size: 12px;
    }

    body {
        margin-left: 0px;
        margin-top: 0px;
        margin-right: 0px;
        margin-bottom: 0px;
    }

    #timeinfo {
        color: #C60
    }

    -->
</style>
<script>
    // var limit = 15
    // if (document.images) {
    //     var parselimit = limit
    // }
    //
    // function beginrefresh() {
    //     if (!document.images)
    //         return
    //     if (parselimit == 1)
    //         window.location.reload()
    //     else {
    //         parselimit -= 1
    //         curmin = Math.floor(parselimit)
    //         if (curmin != 0)
    //             curtime = curmin + "秒后自动获取!"
    //         else
    //             curtime = cursec + "秒后自动获取!"
    //         timeinfo.innerText = curtime
    //         setTimeout("beginrefresh()", 1000)
    //     }
    // }
    //
    // window.onload = beginrefresh
</script>
<input type=button name=button value="刷新" onClick="window.location.reload()">
<span id="timeinfo"></span>


请求：--->468765---->http://localhost:8123/abcaiji/ny28.php
<span style='color:red;'>纽约28</span><br><br>当前数据->>>{"rows":1,"data":[{"code":"ny28","opentime":"2023-11-14 20:58:30","expect":"7565558","opencode":"7,9,4","load_time":"2023-11-14 20:58:53","next_phase":"7565559","next_time":"2023-11-14 21:00:00","now":"2023-11-14 20:58:53"}],"now":"2023-11-14 20:58:53"}<br>真数据7,9,4假数据字符串->>>>7,10,10,10,10,10,9,10,10,10,10,10,4,10,10,10,10,10,10,10,10<br>原假数据->>>>57 59 54<br>计算个位数的假数据->>>>7 9 4<br>当前最新期号-->7565558    数据期号--->7565558下次开奖时间2023-11-14 21:00:00<br>等待纽约28刷新<br><style type="text/css">
    <!--
    body, td, th {
        font-size: 12px;
    }

    body {
        margin-left: 0px;
        margin-top: 0px;
        margin-right: 0px;
        margin-bottom: 0px;
    }

    #timeinfo {
        color: #C60
    }

    -->
</style>
<script>
    var limit = 4
    if (document.images) {
        var parselimit = limit
    }

    function beginrefresh() {
        if (!document.images)
            return
        if (parselimit == 1)
            window.location.reload()
        else {
            parselimit -= 1
            curmin = Math.floor(parselimit)
            if (curmin != 0)
                curtime = curmin + "秒后自动获取!"
            else
                curtime = cursec + "秒后自动获取!"
            timeinfo.innerText = curtime
            setTimeout("beginrefresh()", 1000)
        }
    }

    window.onload = beginrefresh
</script>
<input type=button name=button value="刷新" onClick="window.location.reload()">
<span id="timeinfo"></span>

请求：--->468768---->http://localhost:8123/abcaiji/bjpk10.php
<span style='color:red;'>北京赛车PK10</span><br>数据返回------>{"expect":"800310","opencode":"4,5,3,6,2,1,7,9,8,10","opentime":"2023-11-14 20:50:00"}<br>当前最新期号-->800310    数据期号--->800310<br>等待更新<br><style type="text/css">
    <!--
    body, td, th {
        font-size: 12px;
    }

    body {
        margin-left: 0px;
        margin-top: 0px;
        margin-right: 0px;
        margin-bottom: 0px;
    }

    #timeinfo {
        color: #C60
    }

    -->
</style>
<script>
    // var limit = 6
    // if (document.images) {
    //     var parselimit = limit
    // }
    //
    // function beginrefresh() {
    //     if (!document.images)
    //         return
    //     if (parselimit == 1)
    //         window.location.reload()
    //     else {
    //         parselimit -= 1
    //         curmin = Math.floor(parselimit)
    //         if (curmin != 0)
    //             curtime = curmin + "秒后自动获取!"
    //         else
    //             curtime = cursec + "秒后自动获取!"
    //         timeinfo.innerText = curtime
    //         setTimeout("beginrefresh()", 1000)
    //     }
    // }
    //
    // window.onload = beginrefresh
</script>
<input type=button name=button value="刷新" onClick="window.location.reload()">
<span id="timeinfo"></span>


请求：--->468768---->http://localhost:8123/abcaiji/bjkl8.php
<span style='color:red;'>新加坡28</span><br><br>当前数据->>>{"rows":1,"data":[{"code":"ny28","opentime":"2023-11-14 20:57:30","expect":"3700534","opencode":"9,6,6","load_time":"2023-11-14 20:58:53","next_phase":"3700535","next_time":"2023-11-14 21:00:00","now":"2023-11-14 20:58:53"}],"now":"2023-11-14 20:58:53"}<br>真数据9,6,6假数据字符串->>>>9,10,10,10,10,10,6,10,10,10,10,10,6,10,10,10,10,10,10,10,10<br>原假数据->>>>59 56 56<br>计算个位数的假数据->>>>9 6 6<br>当前最新期号-->3700534    数据期号--->3700534<br>等待新加坡28刷新<br><style type="text/css">
    <!--
    body, td, th {
        font-size: 12px;
    }

    body {
        margin-left: 0px;
        margin-top: 0px;
        margin-right: 0px;
        margin-bottom: 0px;
    }

    #timeinfo {
        color: #C60
    }

    -->
</style>
<script>
    // var limit = 4
    // if (document.images) {
    //     var parselimit = limit
    // }
    //
    // function beginrefresh() {
    //     if (!document.images)
    //         return
    //     if (parselimit == 1)
    //         window.location.reload()
    //     else {
    //         parselimit -= 1
    //         curmin = Math.floor(parselimit)
    //         if (curmin != 0)
    //             curtime = curmin + "秒后自动获取!"
    //         else
    //             curtime = cursec + "秒后自动获取!"
    //         timeinfo.innerText = curtime
    //         setTimeout("beginrefresh()", 1000)
    //     }
    // }
    //
    // window.onload = beginrefresh
</script>
<input type=button name=button value="刷新" onClick="window.location.reload()">
<span id="timeinfo"></span>

请求：--->468768---->http://localhost:8123/abcaiji/jslhc.php
<span style='color:red;'>極速六合彩</span><br>等待 16,46,42,20,38,19,36 刷新<br>
<style type="text/css">
    <!--
    body, td, th {
        font-size: 12px;
    }

    body {
        margin-left: 0px;
        margin-top: 0px;
        margin-right: 0px;
        margin-bottom: 0px;
    }

    #timeinfo {
        color: #C60
    }

    -->
</style>
<script>
    // var limit=4
    // if (document.images){
    // 	var parselimit=limit
    // }
    // function beginrefresh(){
    // if (!document.images)
    // 	return
    // if (parselimit==1)
    // 	window.location.reload()
    // else{
    // 	parselimit-=1
    // 	curmin=Math.floor(parselimit)
    // 	if (curmin!=0)
    // 		curtime=curmin+"秒后自动获取!"
    // 	else
    // 		curtime=cursec+"秒后自动获取!"
    // 		timeinfo.innerText=curtime
    // 		setTimeout("beginrefresh()",1000)
    // 	}
    // }
    // window.onload=beginrefresh
</script>
<input type=button name=button value="刷新" onClick="window.location.reload()">
<span id="timeinfo"></span>


请求：--->468768---->http://localhost:8123/abcaiji/jsssc.php
<span style='color:red;'>極速時時彩</span><br>等待 7,4,7,7,8 刷新<br><style type="text/css">
    <!--
    body, td, th {
        font-size: 12px;
    }

    body {
        margin-left: 0px;
        margin-top: 0px;
        margin-right: 0px;
        margin-bottom: 0px;
    }

    #timeinfo {
        color: #C60
    }

    -->
</style>
<script>
    // var limit=10
    // if (document.images){
    // 	var parselimit=limit
    // }
    // function beginrefresh(){
    // if (!document.images)
    // 	return
    // if (parselimit==1)
    // 	window.location.reload()
    // else{
    // 	parselimit-=1
    // 	curmin=Math.floor(parselimit)
    // 	if (curmin!=0)
    // 		curtime=curmin+"秒后自动获取!"
    // 	else
    // 		curtime=cursec+"秒后自动获取!"
    // 		timeinfo.innerText=curtime
    // 		setTimeout("beginrefresh()",1000)
    // 	}
    // }
    // window.onload=beginrefresh
</script>
<input type=button name=button value="刷新" onClick="window.location.reload()">
<span id="timeinfo"></span>


请求：--->468768---->http://localhost:8123/abcaiji/twk3.php
<span style='color:red;'>台湾快三</span><br>等待 6,3,4 刷新<br><style type="text/css">
    <!--
    body, td, th {
        font-size: 12px;
    }

    body {
        margin-left: 0px;
        margin-top: 0px;
        margin-right: 0px;
        margin-bottom: 0px;
    }

    #timeinfo {
        color: #C60
    }

    -->
</style>
<script>
    // var limit = 4
    // if (document.images) {
    //     var parselimit = limit
    // }
    //
    // function beginrefresh() {
    //     if (!document.images)
    //         return
    //     if (parselimit == 1)
    //         window.location.reload()
    //     else {
    //         parselimit -= 1
    //         curmin = Math.floor(parselimit)
    //         if (curmin != 0)
    //             curtime = curmin + "秒后自动获取!"
    //         else
    //             curtime = cursec + "秒后自动获取!"
    //         timeinfo.innerText = curtime
    //         setTimeout("beginrefresh()", 1000)
    //     }
    // }
    //
    // window.onload = beginrefresh
</script>
<input type=button name=button value="刷新" onClick="window.location.reload()">
<span id="timeinfo"></span>



请求：--->468768---->http://localhost:8123/abcaiji/jnd28.php
<span style='color:red;'>加拿大28</span><br>数据返回------>"{\"rows\":1,\"info\":\"\u6570\u636e\u7531kaijiang-api.com\u6536\u5f55\uff0c\u5f53\u524d\u8bbf\u95eeIP\uff1a104.219.211.74\uff0c\u670d1\uff0c\u5f00\u5956\u7f51v7.5\uff0c\u6280\u672fQQ\uff1a82279178\",\"code\":\"jnd28\",\"data\":[{\"expect\":\"3068562\",\"opencode\":\"4,4,7\",\"opentime\":\"2023-11-14 20:58:12\"}]}"<br>真数据4,4,7假数据字符串->>>>10,4,4,7,10,10,10,10,10,10,10,10,10,10,10,10,10,10,10,10,10<br>原假数据->>>>54 54 57<br>计算个位数的假数据->>>>4 4 7<br>当前最新期号-->3068562    数据期号--->3068562<br>当前开奖时间   2023-11-14 20:58:54  下期开奖时间  2023-11-14 21:01:42<br>等待加拿大28刷新<br><style type="text/css">
    <!--
    body, td, th {
        font-size: 12px;
    }

    body {
        margin-left: 0px;
        margin-top: 0px;
        margin-right: 0px;
        margin-bottom: 0px;
    }

    #timeinfo {
        color: #C60
    }

    -->
</style>
<script>
    // var limit = 15
    // if (document.images) {
    //     var parselimit = limit
    // }
    //
    // function beginrefresh() {
    //     if (!document.images)
    //         return
    //     if (parselimit == 1)
    //         window.location.reload()
    //     else {
    //         parselimit -= 1
    //         curmin = Math.floor(parselimit)
    //         if (curmin != 0)
    //             curtime = curmin + "秒后自动获取!"
    //         else
    //             curtime = cursec + "秒后自动获取!"
    //         timeinfo.innerText = curtime
    //         setTimeout("beginrefresh()", 1000)
    //     }
    // }
    //
    // window.onload = beginrefresh
</script>
<input type=button name=button value="刷新" onClick="window.location.reload()">
<span id="timeinfo"></span>


请求：--->468768---->http://localhost:8123/abcaiji/ny28.php
<span style='color:red;'>纽约28</span><br><br>当前数据->>>{"rows":1,"data":[{"code":"ny28","opentime":"2023-11-14 20:58:30","expect":"7565558","opencode":"3,2,7","load_time":"2023-11-14 20:58:54","next_phase":"7565559","next_time":"2023-11-14 21:00:00","now":"2023-11-14 20:58:54"}],"now":"2023-11-14 20:58:54"}<br>真数据3,2,7假数据字符串->>>>3,10,10,10,10,10,2,10,10,10,10,10,7,10,10,10,10,10,10,10,10<br>原假数据->>>>53 52 57<br>计算个位数的假数据->>>>3 2 7<br>当前最新期号-->7565558    数据期号--->7565558下次开奖时间2023-11-14 21:00:00<br>等待纽约28刷新<br><style type="text/css">
    <!--
    body, td, th {
        font-size: 12px;
    }

    body {
        margin-left: 0px;
        margin-top: 0px;
        margin-right: 0px;
        margin-bottom: 0px;
    }

    #timeinfo {
        color: #C60
    }

    -->
</style>
<script>
    var limit = 4
    if (document.images) {
        var parselimit = limit
    }

    function beginrefresh() {
        if (!document.images)
            return
        if (parselimit == 1)
            window.location.reload()
        else {
            parselimit -= 1
            curmin = Math.floor(parselimit)
            if (curmin != 0)
                curtime = curmin + "秒后自动获取!"
            else
                curtime = cursec + "秒后自动获取!"
            timeinfo.innerText = curtime
            setTimeout("beginrefresh()", 1000)
        }
    }

    window.onload = beginrefresh
</script>
<input type=button name=button value="刷新" onClick="window.location.reload()">
<span id="timeinfo"></span>

请求：--->468771---->http://localhost:8123/abcaiji/bjpk10.php
<span style='color:red;'>北京赛车PK10</span><br>数据返回------>{"expect":"800310","opencode":"4,5,3,6,2,1,7,9,8,10","opentime":"2023-11-14 20:50:00"}<br>当前最新期号-->800310    数据期号--->800310<br>等待更新<br><style type="text/css">
    <!--
    body, td, th {
        font-size: 12px;
    }

    body {
        margin-left: 0px;
        margin-top: 0px;
        margin-right: 0px;
        margin-bottom: 0px;
    }

    #timeinfo {
        color: #C60
    }

    -->
</style>
<script>
    // var limit = 6
    // if (document.images) {
    //     var parselimit = limit
    // }
    //
    // function beginrefresh() {
    //     if (!document.images)
    //         return
    //     if (parselimit == 1)
    //         window.location.reload()
    //     else {
    //         parselimit -= 1
    //         curmin = Math.floor(parselimit)
    //         if (curmin != 0)
    //             curtime = curmin + "秒后自动获取!"
    //         else
    //             curtime = cursec + "秒后自动获取!"
    //         timeinfo.innerText = curtime
    //         setTimeout("beginrefresh()", 1000)
    //     }
    // }
    //
    // window.onload = beginrefresh
</script>
<input type=button name=button value="刷新" onClick="window.location.reload()">
<span id="timeinfo"></span>


请求：--->468771---->http://localhost:8123/abcaiji/bjkl8.php
<span style='color:red;'>新加坡28</span><br><br>当前数据->>>{"rows":1,"data":[{"code":"ny28","opentime":"2023-11-14 20:57:30","expect":"3700534","opencode":"9,5,5","load_time":"2023-11-14 20:58:58","next_phase":"3700535","next_time":"2023-11-14 21:00:00","now":"2023-11-14 20:58:58"}],"now":"2023-11-14 20:58:58"}<br>真数据9,5,5假数据字符串->>>>9,10,10,10,10,10,5,10,10,10,10,10,5,10,10,10,10,10,10,10,10<br>原假数据->>>>59 55 55<br>计算个位数的假数据->>>>9 5 5<br>当前最新期号-->3700534    数据期号--->3700534<br>等待新加坡28刷新<br><style type="text/css">
    <!--
    body, td, th {
        font-size: 12px;
    }

    body {
        margin-left: 0px;
        margin-top: 0px;
        margin-right: 0px;
        margin-bottom: 0px;
    }

    #timeinfo {
        color: #C60
    }

    -->
</style>
<script>
    // var limit = 4
    // if (document.images) {
    //     var parselimit = limit
    // }
    //
    // function beginrefresh() {
    //     if (!document.images)
    //         return
    //     if (parselimit == 1)
    //         window.location.reload()
    //     else {
    //         parselimit -= 1
    //         curmin = Math.floor(parselimit)
    //         if (curmin != 0)
    //             curtime = curmin + "秒后自动获取!"
    //         else
    //             curtime = cursec + "秒后自动获取!"
    //         timeinfo.innerText = curtime
    //         setTimeout("beginrefresh()", 1000)
    //     }
    // }
    //
    // window.onload = beginrefresh
</script>
<input type=button name=button value="刷新" onClick="window.location.reload()">
<span id="timeinfo"></span>

请求：--->468771---->http://localhost:8123/abcaiji/jslhc.php
<span style='color:red;'>極速六合彩</span><br>等待 45,16,13,18,49,09,15 刷新<br>
<style type="text/css">
    <!--
    body, td, th {
        font-size: 12px;
    }

    body {
        margin-left: 0px;
        margin-top: 0px;
        margin-right: 0px;
        margin-bottom: 0px;
    }

    #timeinfo {
        color: #C60
    }

    -->
</style>
<script>
    // var limit=4
    // if (document.images){
    // 	var parselimit=limit
    // }
    // function beginrefresh(){
    // if (!document.images)
    // 	return
    // if (parselimit==1)
    // 	window.location.reload()
    // else{
    // 	parselimit-=1
    // 	curmin=Math.floor(parselimit)
    // 	if (curmin!=0)
    // 		curtime=curmin+"秒后自动获取!"
    // 	else
    // 		curtime=cursec+"秒后自动获取!"
    // 		timeinfo.innerText=curtime
    // 		setTimeout("beginrefresh()",1000)
    // 	}
    // }
    // window.onload=beginrefresh
</script>
<input type=button name=button value="刷新" onClick="window.location.reload()">
<span id="timeinfo"></span>


请求：--->468771---->http://localhost:8123/abcaiji/jsssc.php
<span style='color:red;'>極速時時彩</span><br>等待 5,3,8,8,6 刷新<br><style type="text/css">
    <!--
    body, td, th {
        font-size: 12px;
    }

    body {
        margin-left: 0px;
        margin-top: 0px;
        margin-right: 0px;
        margin-bottom: 0px;
    }

    #timeinfo {
        color: #C60
    }

    -->
</style>
<script>
    // var limit=10
    // if (document.images){
    // 	var parselimit=limit
    // }
    // function beginrefresh(){
    // if (!document.images)
    // 	return
    // if (parselimit==1)
    // 	window.location.reload()
    // else{
    // 	parselimit-=1
    // 	curmin=Math.floor(parselimit)
    // 	if (curmin!=0)
    // 		curtime=curmin+"秒后自动获取!"
    // 	else
    // 		curtime=cursec+"秒后自动获取!"
    // 		timeinfo.innerText=curtime
    // 		setTimeout("beginrefresh()",1000)
    // 	}
    // }
    // window.onload=beginrefresh
</script>
<input type=button name=button value="刷新" onClick="window.location.reload()">
<span id="timeinfo"></span>


请求：--->468771---->http://localhost:8123/abcaiji/twk3.php
<span style='color:red;'>台湾快三</span><br>等待 1,6,1 刷新<br><style type="text/css">
    <!--
    body, td, th {
        font-size: 12px;
    }

    body {
        margin-left: 0px;
        margin-top: 0px;
        margin-right: 0px;
        margin-bottom: 0px;
    }

    #timeinfo {
        color: #C60
    }

    -->
</style>
<script>
    // var limit = 4
    // if (document.images) {
    //     var parselimit = limit
    // }
    //
    // function beginrefresh() {
    //     if (!document.images)
    //         return
    //     if (parselimit == 1)
    //         window.location.reload()
    //     else {
    //         parselimit -= 1
    //         curmin = Math.floor(parselimit)
    //         if (curmin != 0)
    //             curtime = curmin + "秒后自动获取!"
    //         else
    //             curtime = cursec + "秒后自动获取!"
    //         timeinfo.innerText = curtime
    //         setTimeout("beginrefresh()", 1000)
    //     }
    // }
    //
    // window.onload = beginrefresh
</script>
<input type=button name=button value="刷新" onClick="window.location.reload()">
<span id="timeinfo"></span>



请求：--->468771---->http://localhost:8123/abcaiji/jnd28.php
<span style='color:red;'>加拿大28</span><br>数据返回------>"{\"rows\":1,\"info\":\"\u6570\u636e\u7531kaijiang-api.com\u6536\u5f55\uff0c\u5f53\u524d\u8bbf\u95eeIP\uff1a104.219.211.74\uff0c\u670d1\uff0c\u5f00\u5956\u7f51v7.5\uff0c\u6280\u672fQQ\uff1a82279178\",\"code\":\"jnd28\",\"data\":[{\"expect\":\"3068562\",\"opencode\":\"4,4,7\",\"opentime\":\"2023-11-14 20:58:12\"}]}"<br>真数据4,4,7假数据字符串->>>>10,4,4,7,10,10,10,10,10,10,10,10,10,10,10,10,10,10,10,10,10<br>原假数据->>>>54 54 57<br>计算个位数的假数据->>>>4 4 7<br>当前最新期号-->3068562    数据期号--->3068562<br>当前开奖时间   2023-11-14 20:58:59  下期开奖时间  2023-11-14 21:01:42<br>等待加拿大28刷新<br><style type="text/css">
    <!--
    body, td, th {
        font-size: 12px;
    }

    body {
        margin-left: 0px;
        margin-top: 0px;
        margin-right: 0px;
        margin-bottom: 0px;
    }

    #timeinfo {
        color: #C60
    }

    -->
</style>
<script>
    // var limit = 15
    // if (document.images) {
    //     var parselimit = limit
    // }
    //
    // function beginrefresh() {
    //     if (!document.images)
    //         return
    //     if (parselimit == 1)
    //         window.location.reload()
    //     else {
    //         parselimit -= 1
    //         curmin = Math.floor(parselimit)
    //         if (curmin != 0)
    //             curtime = curmin + "秒后自动获取!"
    //         else
    //             curtime = cursec + "秒后自动获取!"
    //         timeinfo.innerText = curtime
    //         setTimeout("beginrefresh()", 1000)
    //     }
    // }
    //
    // window.onload = beginrefresh
</script>
<input type=button name=button value="刷新" onClick="window.location.reload()">
<span id="timeinfo"></span>


请求：--->468771---->http://localhost:8123/abcaiji/ny28.php
<span style='color:red;'>纽约28</span><br><br>当前数据->>>{"rows":1,"data":[{"code":"ny28","opentime":"2023-11-14 20:58:30","expect":"7565558","opencode":"2,0,9","load_time":"2023-11-14 20:58:59","next_phase":"7565559","next_time":"2023-11-14 21:00:00","now":"2023-11-14 20:58:59"}],"now":"2023-11-14 20:58:59"}<br>真数据2,0,9假数据字符串->>>>2,10,10,10,10,10,0,10,10,10,10,10,9,10,10,10,10,10,10,10,10<br>原假数据->>>>52 50 59<br>计算个位数的假数据->>>>2 0 9<br>当前最新期号-->7565558    数据期号--->7565558下次开奖时间2023-11-14 21:00:00<br>等待纽约28刷新<br><style type="text/css">
    <!--
    body, td, th {
        font-size: 12px;
    }

    body {
        margin-left: 0px;
        margin-top: 0px;
        margin-right: 0px;
        margin-bottom: 0px;
    }

    #timeinfo {
        color: #C60
    }

    -->
</style>
<script>
    var limit = 4
    if (document.images) {
        var parselimit = limit
    }

    function beginrefresh() {
        if (!document.images)
            return
        if (parselimit == 1)
            window.location.reload()
        else {
            parselimit -= 1
            curmin = Math.floor(parselimit)
            if (curmin != 0)
                curtime = curmin + "秒后自动获取!"
            else
                curtime = cursec + "秒后自动获取!"
            timeinfo.innerText = curtime
            setTimeout("beginrefresh()", 1000)
        }
    }

    window.onload = beginrefresh
</script>
<input type=button name=button value="刷新" onClick="window.location.reload()">
<span id="timeinfo"></span>

请求：--->468774---->http://localhost:8123/abcaiji/bjpk10.php
<span style='color:red;'>北京赛车PK10</span><br>数据返回------>{"expect":"800310","opencode":"4,5,3,6,2,1,7,9,8,10","opentime":"2023-11-14 20:50:00"}<br>当前最新期号-->800310    数据期号--->800310<br>等待更新<br><style type="text/css">
    <!--
    body, td, th {
        font-size: 12px;
    }

    body {
        margin-left: 0px;
        margin-top: 0px;
        margin-right: 0px;
        margin-bottom: 0px;
    }

    #timeinfo {
        color: #C60
    }

    -->
</style>
<script>
    // var limit = 6
    // if (document.images) {
    //     var parselimit = limit
    // }
    //
    // function beginrefresh() {
    //     if (!document.images)
    //         return
    //     if (parselimit == 1)
    //         window.location.reload()
    //     else {
    //         parselimit -= 1
    //         curmin = Math.floor(parselimit)
    //         if (curmin != 0)
    //             curtime = curmin + "秒后自动获取!"
    //         else
    //             curtime = cursec + "秒后自动获取!"
    //         timeinfo.innerText = curtime
    //         setTimeout("beginrefresh()", 1000)
    //     }
    // }
    //
    // window.onload = beginrefresh
</script>
<input type=button name=button value="刷新" onClick="window.location.reload()">
<span id="timeinfo"></span>


请求：--->468774---->http://localhost:8123/abcaiji/bjkl8.php
<span style='color:red;'>新加坡28</span><br><br>当前数据->>>{"rows":1,"data":[{"code":"ny28","opentime":"2023-11-14 20:57:30","expect":"3700534","opencode":"1,4,1","load_time":"2023-11-14 20:58:59","next_phase":"3700535","next_time":"2023-11-14 21:00:00","now":"2023-11-14 20:58:59"}],"now":"2023-11-14 20:58:59"}<br>真数据1,4,1假数据字符串->>>>1,10,10,10,10,10,4,10,10,10,10,10,1,10,10,10,10,10,10,10,10<br>原假数据->>>>51 54 51<br>计算个位数的假数据->>>>1 4 1<br>当前最新期号-->3700534    数据期号--->3700534<br>等待新加坡28刷新<br><style type="text/css">
    <!--
    body, td, th {
        font-size: 12px;
    }

    body {
        margin-left: 0px;
        margin-top: 0px;
        margin-right: 0px;
        margin-bottom: 0px;
    }

    #timeinfo {
        color: #C60
    }

    -->
</style>
<script>
    // var limit = 4
    // if (document.images) {
    //     var parselimit = limit
    // }
    //
    // function beginrefresh() {
    //     if (!document.images)
    //         return
    //     if (parselimit == 1)
    //         window.location.reload()
    //     else {
    //         parselimit -= 1
    //         curmin = Math.floor(parselimit)
    //         if (curmin != 0)
    //             curtime = curmin + "秒后自动获取!"
    //         else
    //             curtime = cursec + "秒后自动获取!"
    //         timeinfo.innerText = curtime
    //         setTimeout("beginrefresh()", 1000)
    //     }
    // }
    //
    // window.onload = beginrefresh
</script>
<input type=button name=button value="刷新" onClick="window.location.reload()">
<span id="timeinfo"></span>

请求：--->468774---->http://localhost:8123/abcaiji/jslhc.php
<span style='color:red;'>極速六合彩</span><br>等待 24,46,44,17,11,32,01 刷新<br>
<style type="text/css">
    <!--
    body, td, th {
        font-size: 12px;
    }

    body {
        margin-left: 0px;
        margin-top: 0px;
        margin-right: 0px;
        margin-bottom: 0px;
    }

    #timeinfo {
        color: #C60
    }

    -->
</style>
<script>
    // var limit=4
    // if (document.images){
    // 	var parselimit=limit
    // }
    // function beginrefresh(){
    // if (!document.images)
    // 	return
    // if (parselimit==1)
    // 	window.location.reload()
    // else{
    // 	parselimit-=1
    // 	curmin=Math.floor(parselimit)
    // 	if (curmin!=0)
    // 		curtime=curmin+"秒后自动获取!"
    // 	else
    // 		curtime=cursec+"秒后自动获取!"
    // 		timeinfo.innerText=curtime
    // 		setTimeout("beginrefresh()",1000)
    // 	}
    // }
    // window.onload=beginrefresh
</script>
<input type=button name=button value="刷新" onClick="window.location.reload()">
<span id="timeinfo"></span>


请求：--->468774---->http://localhost:8123/abcaiji/jsssc.php
<span style='color:red;'>極速時時彩</span><br>等待 9,3,5,8,9 刷新<br><style type="text/css">
    <!--
    body, td, th {
        font-size: 12px;
    }

    body {
        margin-left: 0px;
        margin-top: 0px;
        margin-right: 0px;
        margin-bottom: 0px;
    }

    #timeinfo {
        color: #C60
    }

    -->
</style>
<script>
    // var limit=10
    // if (document.images){
    // 	var parselimit=limit
    // }
    // function beginrefresh(){
    // if (!document.images)
    // 	return
    // if (parselimit==1)
    // 	window.location.reload()
    // else{
    // 	parselimit-=1
    // 	curmin=Math.floor(parselimit)
    // 	if (curmin!=0)
    // 		curtime=curmin+"秒后自动获取!"
    // 	else
    // 		curtime=cursec+"秒后自动获取!"
    // 		timeinfo.innerText=curtime
    // 		setTimeout("beginrefresh()",1000)
    // 	}
    // }
    // window.onload=beginrefresh
</script>
<input type=button name=button value="刷新" onClick="window.location.reload()">
<span id="timeinfo"></span>


请求：--->468774---->http://localhost:8123/abcaiji/twk3.php
<span style='color:red;'>台湾快三</span><br>等待 6,3,4 刷新<br><style type="text/css">
    <!--
    body, td, th {
        font-size: 12px;
    }

    body {
        margin-left: 0px;
        margin-top: 0px;
        margin-right: 0px;
        margin-bottom: 0px;
    }

    #timeinfo {
        color: #C60
    }

    -->
</style>
<script>
    // var limit = 4
    // if (document.images) {
    //     var parselimit = limit
    // }
    //
    // function beginrefresh() {
    //     if (!document.images)
    //         return
    //     if (parselimit == 1)
    //         window.location.reload()
    //     else {
    //         parselimit -= 1
    //         curmin = Math.floor(parselimit)
    //         if (curmin != 0)
    //             curtime = curmin + "秒后自动获取!"
    //         else
    //             curtime = cursec + "秒后自动获取!"
    //         timeinfo.innerText = curtime
    //         setTimeout("beginrefresh()", 1000)
    //     }
    // }
    //
    // window.onload = beginrefresh
</script>
<input type=button name=button value="刷新" onClick="window.location.reload()">
<span id="timeinfo"></span>



请求：--->468774---->http://localhost:8123/abcaiji/jnd28.php
<span style='color:red;'>加拿大28</span><br>数据返回------>"{\"rows\":1,\"info\":\"\u6570\u636e\u7531kaijiang-api.com\u6536\u5f55\uff0c\u5f53\u524d\u8bbf\u95eeIP\uff1a104.219.211.74\uff0c\u670d1\uff0c\u5f00\u5956\u7f51v7.5\uff0c\u6280\u672fQQ\uff1a82279178\uff0cc\",\"code\":\"jnd28\",\"data\":[{\"expect\":\"3068562\",\"opencode\":\"4,4,7\",\"opentime\":\"2023-11-14 20:58:12\"}]}"<br>真数据4,4,7假数据字符串->>>>10,4,4,7,10,10,10,10,10,10,10,10,10,10,10,10,10,10,10,10,10<br>原假数据->>>>54 54 57<br>计算个位数的假数据->>>>4 4 7<br>当前最新期号-->3068562    数据期号--->3068562<br>当前开奖时间   2023-11-14 20:59:00  下期开奖时间  2023-11-14 21:01:42<br>等待加拿大28刷新<br><style type="text/css">
    <!--
    body, td, th {
        font-size: 12px;
    }

    body {
        margin-left: 0px;
        margin-top: 0px;
        margin-right: 0px;
        margin-bottom: 0px;
    }

    #timeinfo {
        color: #C60
    }

    -->
</style>
<script>
    // var limit = 15
    // if (document.images) {
    //     var parselimit = limit
    // }
    //
    // function beginrefresh() {
    //     if (!document.images)
    //         return
    //     if (parselimit == 1)
    //         window.location.reload()
    //     else {
    //         parselimit -= 1
    //         curmin = Math.floor(parselimit)
    //         if (curmin != 0)
    //             curtime = curmin + "秒后自动获取!"
    //         else
    //             curtime = cursec + "秒后自动获取!"
    //         timeinfo.innerText = curtime
    //         setTimeout("beginrefresh()", 1000)
    //     }
    // }
    //
    // window.onload = beginrefresh
</script>
<input type=button name=button value="刷新" onClick="window.location.reload()">
<span id="timeinfo"></span>


请求：--->468774---->http://localhost:8123/abcaiji/ny28.php
<span style='color:red;'>纽约28</span><br><br>当前数据->>>{"rows":1,"data":[{"code":"ny28","opentime":"2023-11-14 20:58:30","expect":"7565558","opencode":"8,0,2","load_time":"2023-11-14 20:59:00","next_phase":"7565559","next_time":"2023-11-14 21:00:00","now":"2023-11-14 20:59:00"}],"now":"2023-11-14 20:59:00"}<br>真数据8,0,2假数据字符串->>>>8,10,10,10,10,10,0,10,10,10,10,10,2,10,10,10,10,10,10,10,10<br>原假数据->>>>58 50 52<br>计算个位数的假数据->>>>8 0 2<br>当前最新期号-->7565558    数据期号--->7565558下次开奖时间2023-11-14 21:00:00<br>等待纽约28刷新<br><style type="text/css">
    <!--
    body, td, th {
        font-size: 12px;
    }

    body {
        margin-left: 0px;
        margin-top: 0px;
        margin-right: 0px;
        margin-bottom: 0px;
    }

    #timeinfo {
        color: #C60
    }

    -->
</style>
<script>
    var limit = 4
    if (document.images) {
        var parselimit = limit
    }

    function beginrefresh() {
        if (!document.images)
            return
        if (parselimit == 1)
            window.location.reload()
        else {
            parselimit -= 1
            curmin = Math.floor(parselimit)
            if (curmin != 0)
                curtime = curmin + "秒后自动获取!"
            else
                curtime = cursec + "秒后自动获取!"
            timeinfo.innerText = curtime
            setTimeout("beginrefresh()", 1000)
        }
    }

    window.onload = beginrefresh
</script>
<input type=button name=button value="刷新" onClick="window.location.reload()">
<span id="timeinfo"></span>

请求：--->468777---->http://localhost:8123/abcaiji/bjpk10.php
<span style='color:red;'>北京赛车PK10</span><br>数据返回------>{"expect":"800310","opencode":"4,5,3,6,2,1,7,9,8,10","opentime":"2023-11-14 20:50:00"}<br>当前最新期号-->800310    数据期号--->800310<br>等待更新<br><style type="text/css">
    <!--
    body, td, th {
        font-size: 12px;
    }

    body {
        margin-left: 0px;
        margin-top: 0px;
        margin-right: 0px;
        margin-bottom: 0px;
    }

    #timeinfo {
        color: #C60
    }

    -->
</style>
<script>
    // var limit = 6
    // if (document.images) {
    //     var parselimit = limit
    // }
    //
    // function beginrefresh() {
    //     if (!document.images)
    //         return
    //     if (parselimit == 1)
    //         window.location.reload()
    //     else {
    //         parselimit -= 1
    //         curmin = Math.floor(parselimit)
    //         if (curmin != 0)
    //             curtime = curmin + "秒后自动获取!"
    //         else
    //             curtime = cursec + "秒后自动获取!"
    //         timeinfo.innerText = curtime
    //         setTimeout("beginrefresh()", 1000)
    //     }
    // }
    //
    // window.onload = beginrefresh
</script>
<input type=button name=button value="刷新" onClick="window.location.reload()">
<span id="timeinfo"></span>


请求：--->468777---->http://localhost:8123/abcaiji/bjkl8.php
<span style='color:red;'>新加坡28</span><br><br>当前数据->>>{"rows":1,"data":[{"code":"ny28","opentime":"2023-11-14 20:57:30","expect":"3700534","opencode":"9,4,2","load_time":"2023-11-14 20:59:04","next_phase":"3700535","next_time":"2023-11-14 21:00:00","now":"2023-11-14 20:59:04"}],"now":"2023-11-14 20:59:04"}<br>真数据9,4,2假数据字符串->>>>9,10,10,10,10,10,4,10,10,10,10,10,2,10,10,10,10,10,10,10,10<br>原假数据->>>>59 54 52<br>计算个位数的假数据->>>>9 4 2<br>当前最新期号-->3700534    数据期号--->3700534<br>等待新加坡28刷新<br><style type="text/css">
    <!--
    body, td, th {
        font-size: 12px;
    }

    body {
        margin-left: 0px;
        margin-top: 0px;
        margin-right: 0px;
        margin-bottom: 0px;
    }

    #timeinfo {
        color: #C60
    }

    -->
</style>
<script>
    // var limit = 4
    // if (document.images) {
    //     var parselimit = limit
    // }
    //
    // function beginrefresh() {
    //     if (!document.images)
    //         return
    //     if (parselimit == 1)
    //         window.location.reload()
    //     else {
    //         parselimit -= 1
    //         curmin = Math.floor(parselimit)
    //         if (curmin != 0)
    //             curtime = curmin + "秒后自动获取!"
    //         else
    //             curtime = cursec + "秒后自动获取!"
    //         timeinfo.innerText = curtime
    //         setTimeout("beginrefresh()", 1000)
    //     }
    // }
    //
    // window.onload = beginrefresh
</script>
<input type=button name=button value="刷新" onClick="window.location.reload()">
<span id="timeinfo"></span>

请求：--->468777---->http://localhost:8123/abcaiji/jslhc.php
<span style='color:red;'>極速六合彩</span><br>等待 29,05,34,33,22,10,11 刷新<br>
<style type="text/css">
    <!--
    body, td, th {
        font-size: 12px;
    }

    body {
        margin-left: 0px;
        margin-top: 0px;
        margin-right: 0px;
        margin-bottom: 0px;
    }

    #timeinfo {
        color: #C60
    }

    -->
</style>
<script>
    // var limit=4
    // if (document.images){
    // 	var parselimit=limit
    // }
    // function beginrefresh(){
    // if (!document.images)
    // 	return
    // if (parselimit==1)
    // 	window.location.reload()
    // else{
    // 	parselimit-=1
    // 	curmin=Math.floor(parselimit)
    // 	if (curmin!=0)
    // 		curtime=curmin+"秒后自动获取!"
    // 	else
    // 		curtime=cursec+"秒后自动获取!"
    // 		timeinfo.innerText=curtime
    // 		setTimeout("beginrefresh()",1000)
    // 	}
    // }
    // window.onload=beginrefresh
</script>
<input type=button name=button value="刷新" onClick="window.location.reload()">
<span id="timeinfo"></span>


请求：--->468777---->http://localhost:8123/abcaiji/jsssc.php
<span style='color:red;'>極速時時彩</span><br>等待 9,8,2,5,2 刷新<br><style type="text/css">
    <!--
    body, td, th {
        font-size: 12px;
    }

    body {
        margin-left: 0px;
        margin-top: 0px;
        margin-right: 0px;
        margin-bottom: 0px;
    }

    #timeinfo {
        color: #C60
    }

    -->
</style>
<script>
    // var limit=10
    // if (document.images){
    // 	var parselimit=limit
    // }
    // function beginrefresh(){
    // if (!document.images)
    // 	return
    // if (parselimit==1)
    // 	window.location.reload()
    // else{
    // 	parselimit-=1
    // 	curmin=Math.floor(parselimit)
    // 	if (curmin!=0)
    // 		curtime=curmin+"秒后自动获取!"
    // 	else
    // 		curtime=cursec+"秒后自动获取!"
    // 		timeinfo.innerText=curtime
    // 		setTimeout("beginrefresh()",1000)
    // 	}
    // }
    // window.onload=beginrefresh
</script>
<input type=button name=button value="刷新" onClick="window.location.reload()">
<span id="timeinfo"></span>


请求：--->468777---->http://localhost:8123/abcaiji/twk3.php
<span style='color:red;'>台湾快三</span><br>等待 4,3,3 刷新<br><style type="text/css">
    <!--
    body, td, th {
        font-size: 12px;
    }

    body {
        margin-left: 0px;
        margin-top: 0px;
        margin-right: 0px;
        margin-bottom: 0px;
    }

    #timeinfo {
        color: #C60
    }

    -->
</style>
<script>
    // var limit = 4
    // if (document.images) {
    //     var parselimit = limit
    // }
    //
    // function beginrefresh() {
    //     if (!document.images)
    //         return
    //     if (parselimit == 1)
    //         window.location.reload()
    //     else {
    //         parselimit -= 1
    //         curmin = Math.floor(parselimit)
    //         if (curmin != 0)
    //             curtime = curmin + "秒后自动获取!"
    //         else
    //             curtime = cursec + "秒后自动获取!"
    //         timeinfo.innerText = curtime
    //         setTimeout("beginrefresh()", 1000)
    //     }
    // }
    //
    // window.onload = beginrefresh
</script>
<input type=button name=button value="刷新" onClick="window.location.reload()">
<span id="timeinfo"></span>



请求：--->468777---->http://localhost:8123/abcaiji/jnd28.php
<span style='color:red;'>加拿大28</span><br>数据返回------>"{\"rows\":1,\"info\":\"\u6570\u636e\u7531kaijiang-api.com\u6536\u5f55\uff0c\u5f53\u524d\u8bbf\u95eeIP\uff1a104.219.211.74\uff0c\u670d1\uff0c\u5f00\u5956\u7f51v7.5\uff0c\u6280\u672fQQ\uff1a82279178\",\"code\":\"jnd28\",\"data\":[{\"expect\":\"3068562\",\"opencode\":\"4,4,7\",\"opentime\":\"2023-11-14 20:58:12\"}]}"<br>真数据4,4,7假数据字符串->>>>10,4,4,7,10,10,10,10,10,10,10,10,10,10,10,10,10,10,10,10,10<br>原假数据->>>>54 54 57<br>计算个位数的假数据->>>>4 4 7<br>当前最新期号-->3068562    数据期号--->3068562<br>当前开奖时间   2023-11-14 20:59:05  下期开奖时间  2023-11-14 21:01:42<br>等待加拿大28刷新<br><style type="text/css">
    <!--
    body, td, th {
        font-size: 12px;
    }

    body {
        margin-left: 0px;
        margin-top: 0px;
        margin-right: 0px;
        margin-bottom: 0px;
    }

    #timeinfo {
        color: #C60
    }

    -->
</style>
<script>
    // var limit = 15
    // if (document.images) {
    //     var parselimit = limit
    // }
    //
    // function beginrefresh() {
    //     if (!document.images)
    //         return
    //     if (parselimit == 1)
    //         window.location.reload()
    //     else {
    //         parselimit -= 1
    //         curmin = Math.floor(parselimit)
    //         if (curmin != 0)
    //             curtime = curmin + "秒后自动获取!"
    //         else
    //             curtime = cursec + "秒后自动获取!"
    //         timeinfo.innerText = curtime
    //         setTimeout("beginrefresh()", 1000)
    //     }
    // }
    //
    // window.onload = beginrefresh
</script>
<input type=button name=button value="刷新" onClick="window.location.reload()">
<span id="timeinfo"></span>


请求：--->468777---->http://localhost:8123/abcaiji/ny28.php
<span style='color:red;'>纽约28</span><br><br>当前数据->>>{"rows":1,"data":[{"code":"ny28","opentime":"2023-11-14 20:58:30","expect":"7565558","opencode":"5,7,9","load_time":"2023-11-14 20:59:05","next_phase":"7565559","next_time":"2023-11-14 21:00:00","now":"2023-11-14 20:59:05"}],"now":"2023-11-14 20:59:05"}<br>真数据5,7,9假数据字符串->>>>5,10,10,10,10,10,7,10,10,10,10,10,9,10,10,10,10,10,10,10,10<br>原假数据->>>>55 57 59<br>计算个位数的假数据->>>>5 7 9<br>当前最新期号-->7565558    数据期号--->7565558下次开奖时间2023-11-14 21:00:00<br>等待纽约28刷新<br><style type="text/css">
    <!--
    body, td, th {
        font-size: 12px;
    }

    body {
        margin-left: 0px;
        margin-top: 0px;
        margin-right: 0px;
        margin-bottom: 0px;
    }

    #timeinfo {
        color: #C60
    }

    -->
</style>
<script>
    var limit = 4
    if (document.images) {
        var parselimit = limit
    }

    function beginrefresh() {
        if (!document.images)
            return
        if (parselimit == 1)
            window.location.reload()
        else {
            parselimit -= 1
            curmin = Math.floor(parselimit)
            if (curmin != 0)
                curtime = curmin + "秒后自动获取!"
            else
                curtime = cursec + "秒后自动获取!"
            timeinfo.innerText = curtime
            setTimeout("beginrefresh()", 1000)
        }
    }

    window.onload = beginrefresh
</script>
<input type=button name=button value="刷新" onClick="window.location.reload()">
<span id="timeinfo"></span>

请求：--->468780---->http://localhost:8123/abcaiji/bjpk10.php
